0 info it worked if it ends with ok
1 verbose cli [ '/root/.nvm/v0.10.0/bin/node',
1 verbose cli   '/root/.nvm/v0.10.0/bin/npm',
1 verbose cli   'install' ]
2 info using npm@1.2.14
3 info using node@v0.10.0
4 verbose read json /opt/TheHive/frontend/package.json
5 verbose readDependencies using package.json deps
6 verbose install where, deps [ '/opt/TheHive/frontend',
6 verbose install   [ 'autoprefixer',
6 verbose install     'grunt',
6 verbose install     'grunt-angular-templates',
6 verbose install     'grunt-concurrent',
6 verbose install     'grunt-connect-proxy',
6 verbose install     'grunt-contrib-clean',
6 verbose install     'grunt-contrib-concat',
6 verbose install     'grunt-contrib-connect',
6 verbose install     'grunt-contrib-copy',
6 verbose install     'grunt-contrib-cssmin',
6 verbose install     'grunt-contrib-htmlmin',
6 verbose install     'grunt-contrib-imagemin',
6 verbose install     'grunt-contrib-jshint',
6 verbose install     'grunt-contrib-uglify',
6 verbose install     'grunt-contrib-watch',
6 verbose install     'grunt-filerev',
6 verbose install     'grunt-injector',
6 verbose install     'grunt-karma',
6 verbose install     'grunt-newer',
6 verbose install     'grunt-ng-annotate',
6 verbose install     'grunt-npm-bower',
6 verbose install     'grunt-postcss',
6 verbose install     'grunt-svgmin',
6 verbose install     'grunt-usemin',
6 verbose install     'grunt-wiredep',
6 verbose install     'jit-grunt',
6 verbose install     'jshint-stylish',
6 verbose install     'karma-jasmine',
6 verbose install     'karma-phantomjs-launcher',
6 verbose install     'lodash',
6 verbose install     'serve-static',
6 verbose install     'time-grunt' ] ]
7 verbose from cache /opt/TheHive/frontend/package.json
8 info preinstall thehive@4.1.24-1
9 verbose from cache /opt/TheHive/frontend/package.json
10 verbose readDependencies using package.json deps
11 verbose cache add [ 'grunt-angular-templates@^1.2.0', null ]
12 verbose cache add name=undefined spec="grunt-angular-templates@^1.2.0" args=["grunt-angular-templates@^1.2.0",null]
13 verbose parsed url { protocol: null,
13 verbose parsed url   slashes: null,
13 verbose parsed url   auth: null,
13 verbose parsed url   host: null,
13 verbose parsed url   port: null,
13 verbose parsed url   hostname: null,
13 verbose parsed url   hash: null,
13 verbose parsed url   search: null,
13 verbose parsed url   query: null,
13 verbose parsed url   pathname: 'grunt-angular-templates@^1.2.0',
13 verbose parsed url   path: 'grunt-angular-templates@^1.2.0',
13 verbose parsed url   href: 'grunt-angular-templates@^1.2.0' }
14 verbose cache add name="grunt-angular-templates" spec="^1.2.0" args=["grunt-angular-templates","^1.2.0"]
15 verbose parsed url { protocol: null,
15 verbose parsed url   slashes: null,
15 verbose parsed url   auth: null,
15 verbose parsed url   host: null,
15 verbose parsed url   port: null,
15 verbose parsed url   hostname: null,
15 verbose parsed url   hash: null,
15 verbose parsed url   search: null,
15 verbose parsed url   query: null,
15 verbose parsed url   pathname: '^1.2.0',
15 verbose parsed url   path: '^1.2.0',
15 verbose parsed url   href: '^1.2.0' }
16 verbose addNamed [ 'grunt-angular-templates', '^1.2.0' ]
17 verbose addNamed [ null, null ]
18 verbose cache add [ 'grunt-concurrent@^3.0.0', null ]
19 verbose cache add name=undefined spec="grunt-concurrent@^3.0.0" args=["grunt-concurrent@^3.0.0",null]
20 verbose parsed url { protocol: null,
20 verbose parsed url   slashes: null,
20 verbose parsed url   auth: null,
20 verbose parsed url   host: null,
20 verbose parsed url   port: null,
20 verbose parsed url   hostname: null,
20 verbose parsed url   hash: null,
20 verbose parsed url   search: null,
20 verbose parsed url   query: null,
20 verbose parsed url   pathname: 'grunt-concurrent@^3.0.0',
20 verbose parsed url   path: 'grunt-concurrent@^3.0.0',
20 verbose parsed url   href: 'grunt-concurrent@^3.0.0' }
21 verbose cache add name="grunt-concurrent" spec="^3.0.0" args=["grunt-concurrent","^3.0.0"]
22 verbose parsed url { protocol: null,
22 verbose parsed url   slashes: null,
22 verbose parsed url   auth: null,
22 verbose parsed url   host: null,
22 verbose parsed url   port: null,
22 verbose parsed url   hostname: null,
22 verbose parsed url   hash: null,
22 verbose parsed url   search: null,
22 verbose parsed url   query: null,
22 verbose parsed url   pathname: '^3.0.0',
22 verbose parsed url   path: '^3.0.0',
22 verbose parsed url   href: '^3.0.0' }
23 verbose addNamed [ 'grunt-concurrent', '^3.0.0' ]
24 verbose addNamed [ null, null ]
25 verbose cache add [ 'grunt-connect-proxy@^0.2.0', null ]
26 verbose cache add name=undefined spec="grunt-connect-proxy@^0.2.0" args=["grunt-connect-proxy@^0.2.0",null]
27 verbose parsed url { protocol: null,
27 verbose parsed url   slashes: null,
27 verbose parsed url   auth: null,
27 verbose parsed url   host: null,
27 verbose parsed url   port: null,
27 verbose parsed url   hostname: null,
27 verbose parsed url   hash: null,
27 verbose parsed url   search: null,
27 verbose parsed url   query: null,
27 verbose parsed url   pathname: 'grunt-connect-proxy@^0.2.0',
27 verbose parsed url   path: 'grunt-connect-proxy@^0.2.0',
27 verbose parsed url   href: 'grunt-connect-proxy@^0.2.0' }
28 verbose cache add name="grunt-connect-proxy" spec="^0.2.0" args=["grunt-connect-proxy","^0.2.0"]
29 verbose parsed url { protocol: null,
29 verbose parsed url   slashes: null,
29 verbose parsed url   auth: null,
29 verbose parsed url   host: null,
29 verbose parsed url   port: null,
29 verbose parsed url   hostname: null,
29 verbose parsed url   hash: null,
29 verbose parsed url   search: null,
29 verbose parsed url   query: null,
29 verbose parsed url   pathname: '^0.2.0',
29 verbose parsed url   path: '^0.2.0',
29 verbose parsed url   href: '^0.2.0' }
30 verbose addNamed [ 'grunt-connect-proxy', '^0.2.0' ]
31 verbose addNamed [ null, null ]
32 silly lockFile 48b14107-grunt-angular-templates-1-2-0 grunt-angular-templates@^1.2.0
33 verbose lock grunt-angular-templates@^1.2.0 /root/.npm/48b14107-grunt-angular-templates-1-2-0.lock
34 verbose cache add [ 'grunt-contrib-clean@^2.0.0', null ]
35 verbose cache add name=undefined spec="grunt-contrib-clean@^2.0.0" args=["grunt-contrib-clean@^2.0.0",null]
36 verbose parsed url { protocol: null,
36 verbose parsed url   slashes: null,
36 verbose parsed url   auth: null,
36 verbose parsed url   host: null,
36 verbose parsed url   port: null,
36 verbose parsed url   hostname: null,
36 verbose parsed url   hash: null,
36 verbose parsed url   search: null,
36 verbose parsed url   query: null,
36 verbose parsed url   pathname: 'grunt-contrib-clean@^2.0.0',
36 verbose parsed url   path: 'grunt-contrib-clean@^2.0.0',
36 verbose parsed url   href: 'grunt-contrib-clean@^2.0.0' }
37 verbose cache add name="grunt-contrib-clean" spec="^2.0.0" args=["grunt-contrib-clean","^2.0.0"]
38 verbose parsed url { protocol: null,
38 verbose parsed url   slashes: null,
38 verbose parsed url   auth: null,
38 verbose parsed url   host: null,
38 verbose parsed url   port: null,
38 verbose parsed url   hostname: null,
38 verbose parsed url   hash: null,
38 verbose parsed url   search: null,
38 verbose parsed url   query: null,
38 verbose parsed url   pathname: '^2.0.0',
38 verbose parsed url   path: '^2.0.0',
38 verbose parsed url   href: '^2.0.0' }
39 verbose addNamed [ 'grunt-contrib-clean', '^2.0.0' ]
40 verbose addNamed [ null, null ]
41 silly lockFile af17753f-grunt-contrib-clean-2-0-0 grunt-contrib-clean@^2.0.0
42 verbose lock grunt-contrib-clean@^2.0.0 /root/.npm/af17753f-grunt-contrib-clean-2-0-0.lock
43 verbose cache add [ 'grunt-contrib-concat@^1.0.1', null ]
44 verbose cache add name=undefined spec="grunt-contrib-concat@^1.0.1" args=["grunt-contrib-concat@^1.0.1",null]
45 verbose parsed url { protocol: null,
45 verbose parsed url   slashes: null,
45 verbose parsed url   auth: null,
45 verbose parsed url   host: null,
45 verbose parsed url   port: null,
45 verbose parsed url   hostname: null,
45 verbose parsed url   hash: null,
45 verbose parsed url   search: null,
45 verbose parsed url   query: null,
45 verbose parsed url   pathname: 'grunt-contrib-concat@^1.0.1',
45 verbose parsed url   path: 'grunt-contrib-concat@^1.0.1',
45 verbose parsed url   href: 'grunt-contrib-concat@^1.0.1' }
46 verbose cache add name="grunt-contrib-concat" spec="^1.0.1" args=["grunt-contrib-concat","^1.0.1"]
47 verbose parsed url { protocol: null,
47 verbose parsed url   slashes: null,
47 verbose parsed url   auth: null,
47 verbose parsed url   host: null,
47 verbose parsed url   port: null,
47 verbose parsed url   hostname: null,
47 verbose parsed url   hash: null,
47 verbose parsed url   search: null,
47 verbose parsed url   query: null,
47 verbose parsed url   pathname: '^1.0.1',
47 verbose parsed url   path: '^1.0.1',
47 verbose parsed url   href: '^1.0.1' }
48 verbose addNamed [ 'grunt-contrib-concat', '^1.0.1' ]
49 verbose addNamed [ null, null ]
50 silly lockFile 5846474e-grunt-contrib-concat-1-0-1 grunt-contrib-concat@^1.0.1
51 verbose lock grunt-contrib-concat@^1.0.1 /root/.npm/5846474e-grunt-contrib-concat-1-0-1.lock
52 silly lockFile 5ee82f9b-grunt-concurrent-3-0-0 grunt-concurrent@^3.0.0
53 verbose lock grunt-concurrent@^3.0.0 /root/.npm/5ee82f9b-grunt-concurrent-3-0-0.lock
54 info addNameTag [ 'grunt-angular-templates', '^1.2.0' ]
55 info addNameTag [ 'grunt-contrib-clean', '^2.0.0' ]
56 verbose cache add [ 'grunt-contrib-connect@^2.1.0', null ]
57 verbose cache add name=undefined spec="grunt-contrib-connect@^2.1.0" args=["grunt-contrib-connect@^2.1.0",null]
58 verbose parsed url { protocol: null,
58 verbose parsed url   slashes: null,
58 verbose parsed url   auth: null,
58 verbose parsed url   host: null,
58 verbose parsed url   port: null,
58 verbose parsed url   hostname: null,
58 verbose parsed url   hash: null,
58 verbose parsed url   search: null,
58 verbose parsed url   query: null,
58 verbose parsed url   pathname: 'grunt-contrib-connect@^2.1.0',
58 verbose parsed url   path: 'grunt-contrib-connect@^2.1.0',
58 verbose parsed url   href: 'grunt-contrib-connect@^2.1.0' }
59 verbose cache add name="grunt-contrib-connect" spec="^2.1.0" args=["grunt-contrib-connect","^2.1.0"]
60 verbose parsed url { protocol: null,
60 verbose parsed url   slashes: null,
60 verbose parsed url   auth: null,
60 verbose parsed url   host: null,
60 verbose parsed url   port: null,
60 verbose parsed url   hostname: null,
60 verbose parsed url   hash: null,
60 verbose parsed url   search: null,
60 verbose parsed url   query: null,
60 verbose parsed url   pathname: '^2.1.0',
60 verbose parsed url   path: '^2.1.0',
60 verbose parsed url   href: '^2.1.0' }
61 verbose addNamed [ 'grunt-contrib-connect', '^2.1.0' ]
62 verbose addNamed [ null, null ]
63 silly lockFile 7ac21bbc-grunt-contrib-connect-2-1-0 grunt-contrib-connect@^2.1.0
64 verbose lock grunt-contrib-connect@^2.1.0 /root/.npm/7ac21bbc-grunt-contrib-connect-2-1-0.lock
65 verbose cache add [ 'grunt-contrib-copy@^1.0.0', null ]
66 verbose cache add name=undefined spec="grunt-contrib-copy@^1.0.0" args=["grunt-contrib-copy@^1.0.0",null]
67 verbose parsed url { protocol: null,
67 verbose parsed url   slashes: null,
67 verbose parsed url   auth: null,
67 verbose parsed url   host: null,
67 verbose parsed url   port: null,
67 verbose parsed url   hostname: null,
67 verbose parsed url   hash: null,
67 verbose parsed url   search: null,
67 verbose parsed url   query: null,
67 verbose parsed url   pathname: 'grunt-contrib-copy@^1.0.0',
67 verbose parsed url   path: 'grunt-contrib-copy@^1.0.0',
67 verbose parsed url   href: 'grunt-contrib-copy@^1.0.0' }
68 verbose cache add name="grunt-contrib-copy" spec="^1.0.0" args=["grunt-contrib-copy","^1.0.0"]
69 verbose parsed url { protocol: null,
69 verbose parsed url   slashes: null,
69 verbose parsed url   auth: null,
69 verbose parsed url   host: null,
69 verbose parsed url   port: null,
69 verbose parsed url   hostname: null,
69 verbose parsed url   hash: null,
69 verbose parsed url   search: null,
69 verbose parsed url   query: null,
69 verbose parsed url   pathname: '^1.0.0',
69 verbose parsed url   path: '^1.0.0',
69 verbose parsed url   href: '^1.0.0' }
70 verbose addNamed [ 'grunt-contrib-copy', '^1.0.0' ]
71 verbose addNamed [ null, null ]
72 silly lockFile 25cbfea7-grunt-contrib-copy-1-0-0 grunt-contrib-copy@^1.0.0
73 verbose lock grunt-contrib-copy@^1.0.0 /root/.npm/25cbfea7-grunt-contrib-copy-1-0-0.lock
74 info addNameTag [ 'grunt-contrib-concat', '^1.0.1' ]
75 silly lockFile 10769aff-grunt-connect-proxy-0-2-0 grunt-connect-proxy@^0.2.0
76 verbose lock grunt-connect-proxy@^0.2.0 /root/.npm/10769aff-grunt-connect-proxy-0-2-0.lock
77 info addNameTag [ 'grunt-concurrent', '^3.0.0' ]
78 verbose url raw grunt-angular-templates
79 verbose url resolving [ 'https://registry.npmjs.org/', './grunt-angular-templates' ]
80 verbose url resolved https://registry.npmjs.org/grunt-angular-templates
81 info trying registry request attempt 1 at 11:55:38
82 http GET https://registry.npmjs.org/grunt-angular-templates
83 verbose url raw grunt-contrib-clean
84 verbose url resolving [ 'https://registry.npmjs.org/', './grunt-contrib-clean' ]
85 verbose url resolved https://registry.npmjs.org/grunt-contrib-clean
86 info trying registry request attempt 1 at 11:55:38
87 http GET https://registry.npmjs.org/grunt-contrib-clean
88 info addNameTag [ 'grunt-contrib-connect', '^2.1.0' ]
89 verbose cache add [ 'grunt-contrib-cssmin@^3.0.0', null ]
90 verbose cache add name=undefined spec="grunt-contrib-cssmin@^3.0.0" args=["grunt-contrib-cssmin@^3.0.0",null]
91 verbose parsed url { protocol: null,
91 verbose parsed url   slashes: null,
91 verbose parsed url   auth: null,
91 verbose parsed url   host: null,
91 verbose parsed url   port: null,
91 verbose parsed url   hostname: null,
91 verbose parsed url   hash: null,
91 verbose parsed url   search: null,
91 verbose parsed url   query: null,
91 verbose parsed url   pathname: 'grunt-contrib-cssmin@^3.0.0',
91 verbose parsed url   path: 'grunt-contrib-cssmin@^3.0.0',
91 verbose parsed url   href: 'grunt-contrib-cssmin@^3.0.0' }
92 verbose cache add name="grunt-contrib-cssmin" spec="^3.0.0" args=["grunt-contrib-cssmin","^3.0.0"]
93 verbose parsed url { protocol: null,
93 verbose parsed url   slashes: null,
93 verbose parsed url   auth: null,
93 verbose parsed url   host: null,
93 verbose parsed url   port: null,
93 verbose parsed url   hostname: null,
93 verbose parsed url   hash: null,
93 verbose parsed url   search: null,
93 verbose parsed url   query: null,
93 verbose parsed url   pathname: '^3.0.0',
93 verbose parsed url   path: '^3.0.0',
93 verbose parsed url   href: '^3.0.0' }
94 verbose addNamed [ 'grunt-contrib-cssmin', '^3.0.0' ]
95 verbose addNamed [ null, null ]
96 silly lockFile aef4bf42-grunt-contrib-cssmin-3-0-0 grunt-contrib-cssmin@^3.0.0
97 verbose lock grunt-contrib-cssmin@^3.0.0 /root/.npm/aef4bf42-grunt-contrib-cssmin-3-0-0.lock
98 verbose cache add [ 'grunt-contrib-htmlmin@^3.1.0', null ]
99 verbose cache add name=undefined spec="grunt-contrib-htmlmin@^3.1.0" args=["grunt-contrib-htmlmin@^3.1.0",null]
100 verbose parsed url { protocol: null,
100 verbose parsed url   slashes: null,
100 verbose parsed url   auth: null,
100 verbose parsed url   host: null,
100 verbose parsed url   port: null,
100 verbose parsed url   hostname: null,
100 verbose parsed url   hash: null,
100 verbose parsed url   search: null,
100 verbose parsed url   query: null,
100 verbose parsed url   pathname: 'grunt-contrib-htmlmin@^3.1.0',
100 verbose parsed url   path: 'grunt-contrib-htmlmin@^3.1.0',
100 verbose parsed url   href: 'grunt-contrib-htmlmin@^3.1.0' }
101 verbose cache add name="grunt-contrib-htmlmin" spec="^3.1.0" args=["grunt-contrib-htmlmin","^3.1.0"]
102 verbose parsed url { protocol: null,
102 verbose parsed url   slashes: null,
102 verbose parsed url   auth: null,
102 verbose parsed url   host: null,
102 verbose parsed url   port: null,
102 verbose parsed url   hostname: null,
102 verbose parsed url   hash: null,
102 verbose parsed url   search: null,
102 verbose parsed url   query: null,
102 verbose parsed url   pathname: '^3.1.0',
102 verbose parsed url   path: '^3.1.0',
102 verbose parsed url   href: '^3.1.0' }
103 verbose addNamed [ 'grunt-contrib-htmlmin', '^3.1.0' ]
104 verbose addNamed [ null, null ]
105 silly lockFile b86334e8-grunt-contrib-htmlmin-3-1-0 grunt-contrib-htmlmin@^3.1.0
106 verbose lock grunt-contrib-htmlmin@^3.1.0 /root/.npm/b86334e8-grunt-contrib-htmlmin-3-1-0.lock
107 verbose cache add [ 'grunt-contrib-imagemin@^4.0.0', null ]
108 verbose cache add name=undefined spec="grunt-contrib-imagemin@^4.0.0" args=["grunt-contrib-imagemin@^4.0.0",null]
109 verbose parsed url { protocol: null,
109 verbose parsed url   slashes: null,
109 verbose parsed url   auth: null,
109 verbose parsed url   host: null,
109 verbose parsed url   port: null,
109 verbose parsed url   hostname: null,
109 verbose parsed url   hash: null,
109 verbose parsed url   search: null,
109 verbose parsed url   query: null,
109 verbose parsed url   pathname: 'grunt-contrib-imagemin@^4.0.0',
109 verbose parsed url   path: 'grunt-contrib-imagemin@^4.0.0',
109 verbose parsed url   href: 'grunt-contrib-imagemin@^4.0.0' }
110 verbose cache add name="grunt-contrib-imagemin" spec="^4.0.0" args=["grunt-contrib-imagemin","^4.0.0"]
111 verbose parsed url { protocol: null,
111 verbose parsed url   slashes: null,
111 verbose parsed url   auth: null,
111 verbose parsed url   host: null,
111 verbose parsed url   port: null,
111 verbose parsed url   hostname: null,
111 verbose parsed url   hash: null,
111 verbose parsed url   search: null,
111 verbose parsed url   query: null,
111 verbose parsed url   pathname: '^4.0.0',
111 verbose parsed url   path: '^4.0.0',
111 verbose parsed url   href: '^4.0.0' }
112 verbose addNamed [ 'grunt-contrib-imagemin', '^4.0.0' ]
113 verbose addNamed [ null, null ]
114 silly lockFile 6f5da485-grunt-contrib-imagemin-4-0-0 grunt-contrib-imagemin@^4.0.0
115 verbose lock grunt-contrib-imagemin@^4.0.0 /root/.npm/6f5da485-grunt-contrib-imagemin-4-0-0.lock
116 verbose cache add [ 'grunt-contrib-jshint@^2.1.0', null ]
117 verbose cache add name=undefined spec="grunt-contrib-jshint@^2.1.0" args=["grunt-contrib-jshint@^2.1.0",null]
118 verbose parsed url { protocol: null,
118 verbose parsed url   slashes: null,
118 verbose parsed url   auth: null,
118 verbose parsed url   host: null,
118 verbose parsed url   port: null,
118 verbose parsed url   hostname: null,
118 verbose parsed url   hash: null,
118 verbose parsed url   search: null,
118 verbose parsed url   query: null,
118 verbose parsed url   pathname: 'grunt-contrib-jshint@^2.1.0',
118 verbose parsed url   path: 'grunt-contrib-jshint@^2.1.0',
118 verbose parsed url   href: 'grunt-contrib-jshint@^2.1.0' }
119 verbose cache add name="grunt-contrib-jshint" spec="^2.1.0" args=["grunt-contrib-jshint","^2.1.0"]
120 verbose parsed url { protocol: null,
120 verbose parsed url   slashes: null,
120 verbose parsed url   auth: null,
120 verbose parsed url   host: null,
120 verbose parsed url   port: null,
120 verbose parsed url   hostname: null,
120 verbose parsed url   hash: null,
120 verbose parsed url   search: null,
120 verbose parsed url   query: null,
120 verbose parsed url   pathname: '^2.1.0',
120 verbose parsed url   path: '^2.1.0',
120 verbose parsed url   href: '^2.1.0' }
121 verbose addNamed [ 'grunt-contrib-jshint', '^2.1.0' ]
122 verbose addNamed [ null, null ]
123 silly lockFile 366b1005-grunt-contrib-jshint-2-1-0 grunt-contrib-jshint@^2.1.0
124 verbose lock grunt-contrib-jshint@^2.1.0 /root/.npm/366b1005-grunt-contrib-jshint-2-1-0.lock
125 verbose cache add [ 'grunt-contrib-uglify@^4.0.1', null ]
126 verbose cache add name=undefined spec="grunt-contrib-uglify@^4.0.1" args=["grunt-contrib-uglify@^4.0.1",null]
127 verbose parsed url { protocol: null,
127 verbose parsed url   slashes: null,
127 verbose parsed url   auth: null,
127 verbose parsed url   host: null,
127 verbose parsed url   port: null,
127 verbose parsed url   hostname: null,
127 verbose parsed url   hash: null,
127 verbose parsed url   search: null,
127 verbose parsed url   query: null,
127 verbose parsed url   pathname: 'grunt-contrib-uglify@^4.0.1',
127 verbose parsed url   path: 'grunt-contrib-uglify@^4.0.1',
127 verbose parsed url   href: 'grunt-contrib-uglify@^4.0.1' }
128 verbose cache add name="grunt-contrib-uglify" spec="^4.0.1" args=["grunt-contrib-uglify","^4.0.1"]
129 verbose parsed url { protocol: null,
129 verbose parsed url   slashes: null,
129 verbose parsed url   auth: null,
129 verbose parsed url   host: null,
129 verbose parsed url   port: null,
129 verbose parsed url   hostname: null,
129 verbose parsed url   hash: null,
129 verbose parsed url   search: null,
129 verbose parsed url   query: null,
129 verbose parsed url   pathname: '^4.0.1',
129 verbose parsed url   path: '^4.0.1',
129 verbose parsed url   href: '^4.0.1' }
130 verbose addNamed [ 'grunt-contrib-uglify', '^4.0.1' ]
131 verbose addNamed [ null, null ]
132 silly lockFile 504c484b-grunt-contrib-uglify-4-0-1 grunt-contrib-uglify@^4.0.1
133 verbose lock grunt-contrib-uglify@^4.0.1 /root/.npm/504c484b-grunt-contrib-uglify-4-0-1.lock
134 verbose cache add [ 'grunt-contrib-watch@^1.1.0', null ]
135 verbose cache add name=undefined spec="grunt-contrib-watch@^1.1.0" args=["grunt-contrib-watch@^1.1.0",null]
136 verbose parsed url { protocol: null,
136 verbose parsed url   slashes: null,
136 verbose parsed url   auth: null,
136 verbose parsed url   host: null,
136 verbose parsed url   port: null,
136 verbose parsed url   hostname: null,
136 verbose parsed url   hash: null,
136 verbose parsed url   search: null,
136 verbose parsed url   query: null,
136 verbose parsed url   pathname: 'grunt-contrib-watch@^1.1.0',
136 verbose parsed url   path: 'grunt-contrib-watch@^1.1.0',
136 verbose parsed url   href: 'grunt-contrib-watch@^1.1.0' }
137 verbose cache add name="grunt-contrib-watch" spec="^1.1.0" args=["grunt-contrib-watch","^1.1.0"]
138 verbose parsed url { protocol: null,
138 verbose parsed url   slashes: null,
138 verbose parsed url   auth: null,
138 verbose parsed url   host: null,
138 verbose parsed url   port: null,
138 verbose parsed url   hostname: null,
138 verbose parsed url   hash: null,
138 verbose parsed url   search: null,
138 verbose parsed url   query: null,
138 verbose parsed url   pathname: '^1.1.0',
138 verbose parsed url   path: '^1.1.0',
138 verbose parsed url   href: '^1.1.0' }
139 verbose addNamed [ 'grunt-contrib-watch', '^1.1.0' ]
140 verbose addNamed [ null, null ]
141 silly lockFile d91d7185-grunt-contrib-watch-1-1-0 grunt-contrib-watch@^1.1.0
142 verbose lock grunt-contrib-watch@^1.1.0 /root/.npm/d91d7185-grunt-contrib-watch-1-1-0.lock
143 verbose cache add [ 'grunt-filerev@^2.3.1', null ]
144 verbose cache add name=undefined spec="grunt-filerev@^2.3.1" args=["grunt-filerev@^2.3.1",null]
145 verbose parsed url { protocol: null,
145 verbose parsed url   slashes: null,
145 verbose parsed url   auth: null,
145 verbose parsed url   host: null,
145 verbose parsed url   port: null,
145 verbose parsed url   hostname: null,
145 verbose parsed url   hash: null,
145 verbose parsed url   search: null,
145 verbose parsed url   query: null,
145 verbose parsed url   pathname: 'grunt-filerev@^2.3.1',
145 verbose parsed url   path: 'grunt-filerev@^2.3.1',
145 verbose parsed url   href: 'grunt-filerev@^2.3.1' }
146 verbose cache add name="grunt-filerev" spec="^2.3.1" args=["grunt-filerev","^2.3.1"]
147 verbose parsed url { protocol: null,
147 verbose parsed url   slashes: null,
147 verbose parsed url   auth: null,
147 verbose parsed url   host: null,
147 verbose parsed url   port: null,
147 verbose parsed url   hostname: null,
147 verbose parsed url   hash: null,
147 verbose parsed url   search: null,
147 verbose parsed url   query: null,
147 verbose parsed url   pathname: '^2.3.1',
147 verbose parsed url   path: '^2.3.1',
147 verbose parsed url   href: '^2.3.1' }
148 verbose addNamed [ 'grunt-filerev', '^2.3.1' ]
149 verbose addNamed [ null, null ]
150 silly lockFile e9680983-grunt-filerev-2-3-1 grunt-filerev@^2.3.1
151 verbose lock grunt-filerev@^2.3.1 /root/.npm/e9680983-grunt-filerev-2-3-1.lock
152 verbose cache add [ 'grunt-injector@^1.1.0', null ]
153 verbose cache add name=undefined spec="grunt-injector@^1.1.0" args=["grunt-injector@^1.1.0",null]
154 verbose parsed url { protocol: null,
154 verbose parsed url   slashes: null,
154 verbose parsed url   auth: null,
154 verbose parsed url   host: null,
154 verbose parsed url   port: null,
154 verbose parsed url   hostname: null,
154 verbose parsed url   hash: null,
154 verbose parsed url   search: null,
154 verbose parsed url   query: null,
154 verbose parsed url   pathname: 'grunt-injector@^1.1.0',
154 verbose parsed url   path: 'grunt-injector@^1.1.0',
154 verbose parsed url   href: 'grunt-injector@^1.1.0' }
155 verbose cache add name="grunt-injector" spec="^1.1.0" args=["grunt-injector","^1.1.0"]
156 verbose parsed url { protocol: null,
156 verbose parsed url   slashes: null,
156 verbose parsed url   auth: null,
156 verbose parsed url   host: null,
156 verbose parsed url   port: null,
156 verbose parsed url   hostname: null,
156 verbose parsed url   hash: null,
156 verbose parsed url   search: null,
156 verbose parsed url   query: null,
156 verbose parsed url   pathname: '^1.1.0',
156 verbose parsed url   path: '^1.1.0',
156 verbose parsed url   href: '^1.1.0' }
157 verbose addNamed [ 'grunt-injector', '^1.1.0' ]
158 verbose addNamed [ null, null ]
159 silly lockFile e584e3c2-grunt-injector-1-1-0 grunt-injector@^1.1.0
160 verbose lock grunt-injector@^1.1.0 /root/.npm/e584e3c2-grunt-injector-1-1-0.lock
161 verbose cache add [ 'grunt-karma@4.0.0', null ]
162 verbose cache add name=undefined spec="grunt-karma@4.0.0" args=["grunt-karma@4.0.0",null]
163 verbose parsed url { protocol: null,
163 verbose parsed url   slashes: null,
163 verbose parsed url   auth: null,
163 verbose parsed url   host: null,
163 verbose parsed url   port: null,
163 verbose parsed url   hostname: null,
163 verbose parsed url   hash: null,
163 verbose parsed url   search: null,
163 verbose parsed url   query: null,
163 verbose parsed url   pathname: 'grunt-karma@4.0.0',
163 verbose parsed url   path: 'grunt-karma@4.0.0',
163 verbose parsed url   href: 'grunt-karma@4.0.0' }
164 verbose cache add name="grunt-karma" spec="4.0.0" args=["grunt-karma","4.0.0"]
165 verbose parsed url { protocol: null,
165 verbose parsed url   slashes: null,
165 verbose parsed url   auth: null,
165 verbose parsed url   host: null,
165 verbose parsed url   port: null,
165 verbose parsed url   hostname: null,
165 verbose parsed url   hash: null,
165 verbose parsed url   search: null,
165 verbose parsed url   query: null,
165 verbose parsed url   pathname: '4.0.0',
165 verbose parsed url   path: '4.0.0',
165 verbose parsed url   href: '4.0.0' }
166 verbose addNamed [ 'grunt-karma', '4.0.0' ]
167 verbose addNamed [ '4.0.0', '4.0.0' ]
168 silly lockFile 8652f4c9-grunt-karma-4-0-0 grunt-karma@4.0.0
169 verbose lock grunt-karma@4.0.0 /root/.npm/8652f4c9-grunt-karma-4-0-0.lock
170 verbose cache add [ 'grunt-newer@^1.3.0', null ]
171 verbose cache add name=undefined spec="grunt-newer@^1.3.0" args=["grunt-newer@^1.3.0",null]
172 verbose parsed url { protocol: null,
172 verbose parsed url   slashes: null,
172 verbose parsed url   auth: null,
172 verbose parsed url   host: null,
172 verbose parsed url   port: null,
172 verbose parsed url   hostname: null,
172 verbose parsed url   hash: null,
172 verbose parsed url   search: null,
172 verbose parsed url   query: null,
172 verbose parsed url   pathname: 'grunt-newer@^1.3.0',
172 verbose parsed url   path: 'grunt-newer@^1.3.0',
172 verbose parsed url   href: 'grunt-newer@^1.3.0' }
173 verbose cache add name="grunt-newer" spec="^1.3.0" args=["grunt-newer","^1.3.0"]
174 verbose parsed url { protocol: null,
174 verbose parsed url   slashes: null,
174 verbose parsed url   auth: null,
174 verbose parsed url   host: null,
174 verbose parsed url   port: null,
174 verbose parsed url   hostname: null,
174 verbose parsed url   hash: null,
174 verbose parsed url   search: null,
174 verbose parsed url   query: null,
174 verbose parsed url   pathname: '^1.3.0',
174 verbose parsed url   path: '^1.3.0',
174 verbose parsed url   href: '^1.3.0' }
175 verbose addNamed [ 'grunt-newer', '^1.3.0' ]
176 verbose addNamed [ null, null ]
177 silly lockFile 4c6815d0-grunt-newer-1-3-0 grunt-newer@^1.3.0
178 verbose lock grunt-newer@^1.3.0 /root/.npm/4c6815d0-grunt-newer-1-3-0.lock
179 verbose cache add [ 'grunt-ng-annotate@^4.0.0', null ]
180 verbose cache add name=undefined spec="grunt-ng-annotate@^4.0.0" args=["grunt-ng-annotate@^4.0.0",null]
181 verbose parsed url { protocol: null,
181 verbose parsed url   slashes: null,
181 verbose parsed url   auth: null,
181 verbose parsed url   host: null,
181 verbose parsed url   port: null,
181 verbose parsed url   hostname: null,
181 verbose parsed url   hash: null,
181 verbose parsed url   search: null,
181 verbose parsed url   query: null,
181 verbose parsed url   pathname: 'grunt-ng-annotate@^4.0.0',
181 verbose parsed url   path: 'grunt-ng-annotate@^4.0.0',
181 verbose parsed url   href: 'grunt-ng-annotate@^4.0.0' }
182 verbose cache add name="grunt-ng-annotate" spec="^4.0.0" args=["grunt-ng-annotate","^4.0.0"]
183 verbose parsed url { protocol: null,
183 verbose parsed url   slashes: null,
183 verbose parsed url   auth: null,
183 verbose parsed url   host: null,
183 verbose parsed url   port: null,
183 verbose parsed url   hostname: null,
183 verbose parsed url   hash: null,
183 verbose parsed url   search: null,
183 verbose parsed url   query: null,
183 verbose parsed url   pathname: '^4.0.0',
183 verbose parsed url   path: '^4.0.0',
183 verbose parsed url   href: '^4.0.0' }
184 verbose addNamed [ 'grunt-ng-annotate', '^4.0.0' ]
185 verbose addNamed [ null, null ]
186 silly lockFile d374c530-grunt-ng-annotate-4-0-0 grunt-ng-annotate@^4.0.0
187 verbose lock grunt-ng-annotate@^4.0.0 /root/.npm/d374c530-grunt-ng-annotate-4-0-0.lock
188 verbose cache add [ 'grunt-npm-bower@0.0.4', null ]
189 verbose cache add name=undefined spec="grunt-npm-bower@0.0.4" args=["grunt-npm-bower@0.0.4",null]
190 verbose parsed url { protocol: null,
190 verbose parsed url   slashes: null,
190 verbose parsed url   auth: null,
190 verbose parsed url   host: null,
190 verbose parsed url   port: null,
190 verbose parsed url   hostname: null,
190 verbose parsed url   hash: null,
190 verbose parsed url   search: null,
190 verbose parsed url   query: null,
190 verbose parsed url   pathname: 'grunt-npm-bower@0.0.4',
190 verbose parsed url   path: 'grunt-npm-bower@0.0.4',
190 verbose parsed url   href: 'grunt-npm-bower@0.0.4' }
191 verbose cache add name="grunt-npm-bower" spec="0.0.4" args=["grunt-npm-bower","0.0.4"]
192 verbose parsed url { protocol: null,
192 verbose parsed url   slashes: null,
192 verbose parsed url   auth: null,
192 verbose parsed url   host: null,
192 verbose parsed url   port: null,
192 verbose parsed url   hostname: null,
192 verbose parsed url   hash: null,
192 verbose parsed url   search: null,
192 verbose parsed url   query: null,
192 verbose parsed url   pathname: '0.0.4',
192 verbose parsed url   path: '0.0.4',
192 verbose parsed url   href: '0.0.4' }
193 verbose addNamed [ 'grunt-npm-bower', '0.0.4' ]
194 verbose addNamed [ '0.0.4', '0.0.4' ]
195 silly lockFile e1abc8f4-grunt-npm-bower-0-0-4 grunt-npm-bower@0.0.4
196 verbose lock grunt-npm-bower@0.0.4 /root/.npm/e1abc8f4-grunt-npm-bower-0-0-4.lock
197 verbose cache add [ 'grunt-postcss@^0.9.0', null ]
198 verbose cache add name=undefined spec="grunt-postcss@^0.9.0" args=["grunt-postcss@^0.9.0",null]
199 verbose parsed url { protocol: null,
199 verbose parsed url   slashes: null,
199 verbose parsed url   auth: null,
199 verbose parsed url   host: null,
199 verbose parsed url   port: null,
199 verbose parsed url   hostname: null,
199 verbose parsed url   hash: null,
199 verbose parsed url   search: null,
199 verbose parsed url   query: null,
199 verbose parsed url   pathname: 'grunt-postcss@^0.9.0',
199 verbose parsed url   path: 'grunt-postcss@^0.9.0',
199 verbose parsed url   href: 'grunt-postcss@^0.9.0' }
200 verbose cache add name="grunt-postcss" spec="^0.9.0" args=["grunt-postcss","^0.9.0"]
201 verbose parsed url { protocol: null,
201 verbose parsed url   slashes: null,
201 verbose parsed url   auth: null,
201 verbose parsed url   host: null,
201 verbose parsed url   port: null,
201 verbose parsed url   hostname: null,
201 verbose parsed url   hash: null,
201 verbose parsed url   search: null,
201 verbose parsed url   query: null,
201 verbose parsed url   pathname: '^0.9.0',
201 verbose parsed url   path: '^0.9.0',
201 verbose parsed url   href: '^0.9.0' }
202 verbose addNamed [ 'grunt-postcss', '^0.9.0' ]
203 verbose addNamed [ null, null ]
204 silly lockFile 8d2192ed-grunt-postcss-0-9-0 grunt-postcss@^0.9.0
205 verbose lock grunt-postcss@^0.9.0 /root/.npm/8d2192ed-grunt-postcss-0-9-0.lock
206 verbose cache add [ 'grunt-svgmin@^6.0.0', null ]
207 verbose cache add name=undefined spec="grunt-svgmin@^6.0.0" args=["grunt-svgmin@^6.0.0",null]
208 verbose parsed url { protocol: null,
208 verbose parsed url   slashes: null,
208 verbose parsed url   auth: null,
208 verbose parsed url   host: null,
208 verbose parsed url   port: null,
208 verbose parsed url   hostname: null,
208 verbose parsed url   hash: null,
208 verbose parsed url   search: null,
208 verbose parsed url   query: null,
208 verbose parsed url   pathname: 'grunt-svgmin@^6.0.0',
208 verbose parsed url   path: 'grunt-svgmin@^6.0.0',
208 verbose parsed url   href: 'grunt-svgmin@^6.0.0' }
209 verbose cache add name="grunt-svgmin" spec="^6.0.0" args=["grunt-svgmin","^6.0.0"]
210 verbose parsed url { protocol: null,
210 verbose parsed url   slashes: null,
210 verbose parsed url   auth: null,
210 verbose parsed url   host: null,
210 verbose parsed url   port: null,
210 verbose parsed url   hostname: null,
210 verbose parsed url   hash: null,
210 verbose parsed url   search: null,
210 verbose parsed url   query: null,
210 verbose parsed url   pathname: '^6.0.0',
210 verbose parsed url   path: '^6.0.0',
210 verbose parsed url   href: '^6.0.0' }
211 verbose addNamed [ 'grunt-svgmin', '^6.0.0' ]
212 verbose addNamed [ null, null ]
213 silly lockFile 0cff0d10-grunt-svgmin-6-0-0 grunt-svgmin@^6.0.0
214 verbose lock grunt-svgmin@^6.0.0 /root/.npm/0cff0d10-grunt-svgmin-6-0-0.lock
215 verbose cache add [ 'grunt-usemin@^3.1.1', null ]
216 verbose cache add name=undefined spec="grunt-usemin@^3.1.1" args=["grunt-usemin@^3.1.1",null]
217 verbose parsed url { protocol: null,
217 verbose parsed url   slashes: null,
217 verbose parsed url   auth: null,
217 verbose parsed url   host: null,
217 verbose parsed url   port: null,
217 verbose parsed url   hostname: null,
217 verbose parsed url   hash: null,
217 verbose parsed url   search: null,
217 verbose parsed url   query: null,
217 verbose parsed url   pathname: 'grunt-usemin@^3.1.1',
217 verbose parsed url   path: 'grunt-usemin@^3.1.1',
217 verbose parsed url   href: 'grunt-usemin@^3.1.1' }
218 verbose cache add name="grunt-usemin" spec="^3.1.1" args=["grunt-usemin","^3.1.1"]
219 verbose parsed url { protocol: null,
219 verbose parsed url   slashes: null,
219 verbose parsed url   auth: null,
219 verbose parsed url   host: null,
219 verbose parsed url   port: null,
219 verbose parsed url   hostname: null,
219 verbose parsed url   hash: null,
219 verbose parsed url   search: null,
219 verbose parsed url   query: null,
219 verbose parsed url   pathname: '^3.1.1',
219 verbose parsed url   path: '^3.1.1',
219 verbose parsed url   href: '^3.1.1' }
220 verbose addNamed [ 'grunt-usemin', '^3.1.1' ]
221 verbose addNamed [ null, null ]
222 silly lockFile c4f73ac8-grunt-usemin-3-1-1 grunt-usemin@^3.1.1
223 verbose lock grunt-usemin@^3.1.1 /root/.npm/c4f73ac8-grunt-usemin-3-1-1.lock
224 verbose cache add [ 'grunt-wiredep@^3.0.1', null ]
225 verbose cache add name=undefined spec="grunt-wiredep@^3.0.1" args=["grunt-wiredep@^3.0.1",null]
226 verbose parsed url { protocol: null,
226 verbose parsed url   slashes: null,
226 verbose parsed url   auth: null,
226 verbose parsed url   host: null,
226 verbose parsed url   port: null,
226 verbose parsed url   hostname: null,
226 verbose parsed url   hash: null,
226 verbose parsed url   search: null,
226 verbose parsed url   query: null,
226 verbose parsed url   pathname: 'grunt-wiredep@^3.0.1',
226 verbose parsed url   path: 'grunt-wiredep@^3.0.1',
226 verbose parsed url   href: 'grunt-wiredep@^3.0.1' }
227 verbose cache add name="grunt-wiredep" spec="^3.0.1" args=["grunt-wiredep","^3.0.1"]
228 verbose parsed url { protocol: null,
228 verbose parsed url   slashes: null,
228 verbose parsed url   auth: null,
228 verbose parsed url   host: null,
228 verbose parsed url   port: null,
228 verbose parsed url   hostname: null,
228 verbose parsed url   hash: null,
228 verbose parsed url   search: null,
228 verbose parsed url   query: null,
228 verbose parsed url   pathname: '^3.0.1',
228 verbose parsed url   path: '^3.0.1',
228 verbose parsed url   href: '^3.0.1' }
229 verbose addNamed [ 'grunt-wiredep', '^3.0.1' ]
230 verbose addNamed [ null, null ]
231 silly lockFile cc17f71e-grunt-wiredep-3-0-1 grunt-wiredep@^3.0.1
232 verbose lock grunt-wiredep@^3.0.1 /root/.npm/cc17f71e-grunt-wiredep-3-0-1.lock
233 verbose cache add [ 'jit-grunt@^0.10.0', null ]
234 verbose cache add name=undefined spec="jit-grunt@^0.10.0" args=["jit-grunt@^0.10.0",null]
235 verbose parsed url { protocol: null,
235 verbose parsed url   slashes: null,
235 verbose parsed url   auth: null,
235 verbose parsed url   host: null,
235 verbose parsed url   port: null,
235 verbose parsed url   hostname: null,
235 verbose parsed url   hash: null,
235 verbose parsed url   search: null,
235 verbose parsed url   query: null,
235 verbose parsed url   pathname: 'jit-grunt@^0.10.0',
235 verbose parsed url   path: 'jit-grunt@^0.10.0',
235 verbose parsed url   href: 'jit-grunt@^0.10.0' }
236 verbose cache add name="jit-grunt" spec="^0.10.0" args=["jit-grunt","^0.10.0"]
237 verbose parsed url { protocol: null,
237 verbose parsed url   slashes: null,
237 verbose parsed url   auth: null,
237 verbose parsed url   host: null,
237 verbose parsed url   port: null,
237 verbose parsed url   hostname: null,
237 verbose parsed url   hash: null,
237 verbose parsed url   search: null,
237 verbose parsed url   query: null,
237 verbose parsed url   pathname: '^0.10.0',
237 verbose parsed url   path: '^0.10.0',
237 verbose parsed url   href: '^0.10.0' }
238 verbose addNamed [ 'jit-grunt', '^0.10.0' ]
239 verbose addNamed [ null, null ]
240 silly lockFile ac77b5a8-jit-grunt-0-10-0 jit-grunt@^0.10.0
241 verbose lock jit-grunt@^0.10.0 /root/.npm/ac77b5a8-jit-grunt-0-10-0.lock
242 verbose cache add [ 'jshint-stylish@^2.2.1', null ]
243 verbose cache add name=undefined spec="jshint-stylish@^2.2.1" args=["jshint-stylish@^2.2.1",null]
244 verbose parsed url { protocol: null,
244 verbose parsed url   slashes: null,
244 verbose parsed url   auth: null,
244 verbose parsed url   host: null,
244 verbose parsed url   port: null,
244 verbose parsed url   hostname: null,
244 verbose parsed url   hash: null,
244 verbose parsed url   search: null,
244 verbose parsed url   query: null,
244 verbose parsed url   pathname: 'jshint-stylish@^2.2.1',
244 verbose parsed url   path: 'jshint-stylish@^2.2.1',
244 verbose parsed url   href: 'jshint-stylish@^2.2.1' }
245 verbose cache add name="jshint-stylish" spec="^2.2.1" args=["jshint-stylish","^2.2.1"]
246 verbose parsed url { protocol: null,
246 verbose parsed url   slashes: null,
246 verbose parsed url   auth: null,
246 verbose parsed url   host: null,
246 verbose parsed url   port: null,
246 verbose parsed url   hostname: null,
246 verbose parsed url   hash: null,
246 verbose parsed url   search: null,
246 verbose parsed url   query: null,
246 verbose parsed url   pathname: '^2.2.1',
246 verbose parsed url   path: '^2.2.1',
246 verbose parsed url   href: '^2.2.1' }
247 verbose addNamed [ 'jshint-stylish', '^2.2.1' ]
248 verbose addNamed [ null, null ]
249 silly lockFile 9792d43f-jshint-stylish-2-2-1 jshint-stylish@^2.2.1
250 verbose lock jshint-stylish@^2.2.1 /root/.npm/9792d43f-jshint-stylish-2-2-1.lock
251 verbose cache add [ 'karma-jasmine@3.1.1', null ]
252 verbose cache add name=undefined spec="karma-jasmine@3.1.1" args=["karma-jasmine@3.1.1",null]
253 verbose parsed url { protocol: null,
253 verbose parsed url   slashes: null,
253 verbose parsed url   auth: null,
253 verbose parsed url   host: null,
253 verbose parsed url   port: null,
253 verbose parsed url   hostname: null,
253 verbose parsed url   hash: null,
253 verbose parsed url   search: null,
253 verbose parsed url   query: null,
253 verbose parsed url   pathname: 'karma-jasmine@3.1.1',
253 verbose parsed url   path: 'karma-jasmine@3.1.1',
253 verbose parsed url   href: 'karma-jasmine@3.1.1' }
254 verbose cache add name="karma-jasmine" spec="3.1.1" args=["karma-jasmine","3.1.1"]
255 verbose parsed url { protocol: null,
255 verbose parsed url   slashes: null,
255 verbose parsed url   auth: null,
255 verbose parsed url   host: null,
255 verbose parsed url   port: null,
255 verbose parsed url   hostname: null,
255 verbose parsed url   hash: null,
255 verbose parsed url   search: null,
255 verbose parsed url   query: null,
255 verbose parsed url   pathname: '3.1.1',
255 verbose parsed url   path: '3.1.1',
255 verbose parsed url   href: '3.1.1' }
256 verbose addNamed [ 'karma-jasmine', '3.1.1' ]
257 verbose addNamed [ '3.1.1', '3.1.1' ]
258 silly lockFile 92de3215-karma-jasmine-3-1-1 karma-jasmine@3.1.1
259 verbose lock karma-jasmine@3.1.1 /root/.npm/92de3215-karma-jasmine-3-1-1.lock
260 verbose cache add [ 'karma-phantomjs-launcher@1.0.4', null ]
261 verbose cache add name=undefined spec="karma-phantomjs-launcher@1.0.4" args=["karma-phantomjs-launcher@1.0.4",null]
262 verbose parsed url { protocol: null,
262 verbose parsed url   slashes: null,
262 verbose parsed url   auth: null,
262 verbose parsed url   host: null,
262 verbose parsed url   port: null,
262 verbose parsed url   hostname: null,
262 verbose parsed url   hash: null,
262 verbose parsed url   search: null,
262 verbose parsed url   query: null,
262 verbose parsed url   pathname: 'karma-phantomjs-launcher@1.0.4',
262 verbose parsed url   path: 'karma-phantomjs-launcher@1.0.4',
262 verbose parsed url   href: 'karma-phantomjs-launcher@1.0.4' }
263 verbose cache add name="karma-phantomjs-launcher" spec="1.0.4" args=["karma-phantomjs-launcher","1.0.4"]
264 verbose parsed url { protocol: null,
264 verbose parsed url   slashes: null,
264 verbose parsed url   auth: null,
264 verbose parsed url   host: null,
264 verbose parsed url   port: null,
264 verbose parsed url   hostname: null,
264 verbose parsed url   hash: null,
264 verbose parsed url   search: null,
264 verbose parsed url   query: null,
264 verbose parsed url   pathname: '1.0.4',
264 verbose parsed url   path: '1.0.4',
264 verbose parsed url   href: '1.0.4' }
265 verbose addNamed [ 'karma-phantomjs-launcher', '1.0.4' ]
266 verbose addNamed [ '1.0.4', '1.0.4' ]
267 silly lockFile e6f5ac78-karma-phantomjs-launcher-1-0-4 karma-phantomjs-launcher@1.0.4
268 verbose lock karma-phantomjs-launcher@1.0.4 /root/.npm/e6f5ac78-karma-phantomjs-launcher-1-0-4.lock
269 verbose cache add [ 'lodash@^4.17.15', null ]
270 verbose cache add name=undefined spec="lodash@^4.17.15" args=["lodash@^4.17.15",null]
271 verbose parsed url { protocol: null,
271 verbose parsed url   slashes: null,
271 verbose parsed url   auth: null,
271 verbose parsed url   host: null,
271 verbose parsed url   port: null,
271 verbose parsed url   hostname: null,
271 verbose parsed url   hash: null,
271 verbose parsed url   search: null,
271 verbose parsed url   query: null,
271 verbose parsed url   pathname: 'lodash@^4.17.15',
271 verbose parsed url   path: 'lodash@^4.17.15',
271 verbose parsed url   href: 'lodash@^4.17.15' }
272 verbose cache add name="lodash" spec="^4.17.15" args=["lodash","^4.17.15"]
273 verbose parsed url { protocol: null,
273 verbose parsed url   slashes: null,
273 verbose parsed url   auth: null,
273 verbose parsed url   host: null,
273 verbose parsed url   port: null,
273 verbose parsed url   hostname: null,
273 verbose parsed url   hash: null,
273 verbose parsed url   search: null,
273 verbose parsed url   query: null,
273 verbose parsed url   pathname: '^4.17.15',
273 verbose parsed url   path: '^4.17.15',
273 verbose parsed url   href: '^4.17.15' }
274 verbose addNamed [ 'lodash', '^4.17.15' ]
275 verbose addNamed [ null, null ]
276 silly lockFile c7231224-lodash-4-17-15 lodash@^4.17.15
277 verbose lock lodash@^4.17.15 /root/.npm/c7231224-lodash-4-17-15.lock
278 verbose cache add [ 'serve-static@^1.14.1', null ]
279 verbose cache add name=undefined spec="serve-static@^1.14.1" args=["serve-static@^1.14.1",null]
280 verbose parsed url { protocol: null,
280 verbose parsed url   slashes: null,
280 verbose parsed url   auth: null,
280 verbose parsed url   host: null,
280 verbose parsed url   port: null,
280 verbose parsed url   hostname: null,
280 verbose parsed url   hash: null,
280 verbose parsed url   search: null,
280 verbose parsed url   query: null,
280 verbose parsed url   pathname: 'serve-static@^1.14.1',
280 verbose parsed url   path: 'serve-static@^1.14.1',
280 verbose parsed url   href: 'serve-static@^1.14.1' }
281 verbose cache add name="serve-static" spec="^1.14.1" args=["serve-static","^1.14.1"]
282 verbose parsed url { protocol: null,
282 verbose parsed url   slashes: null,
282 verbose parsed url   auth: null,
282 verbose parsed url   host: null,
282 verbose parsed url   port: null,
282 verbose parsed url   hostname: null,
282 verbose parsed url   hash: null,
282 verbose parsed url   search: null,
282 verbose parsed url   query: null,
282 verbose parsed url   pathname: '^1.14.1',
282 verbose parsed url   path: '^1.14.1',
282 verbose parsed url   href: '^1.14.1' }
283 verbose addNamed [ 'serve-static', '^1.14.1' ]
284 verbose addNamed [ null, null ]
285 silly lockFile 5d75d4bb-serve-static-1-14-1 serve-static@^1.14.1
286 verbose lock serve-static@^1.14.1 /root/.npm/5d75d4bb-serve-static-1-14-1.lock
287 verbose cache add [ 'time-grunt@^2.0.0', null ]
288 verbose cache add name=undefined spec="time-grunt@^2.0.0" args=["time-grunt@^2.0.0",null]
289 verbose parsed url { protocol: null,
289 verbose parsed url   slashes: null,
289 verbose parsed url   auth: null,
289 verbose parsed url   host: null,
289 verbose parsed url   port: null,
289 verbose parsed url   hostname: null,
289 verbose parsed url   hash: null,
289 verbose parsed url   search: null,
289 verbose parsed url   query: null,
289 verbose parsed url   pathname: 'time-grunt@^2.0.0',
289 verbose parsed url   path: 'time-grunt@^2.0.0',
289 verbose parsed url   href: 'time-grunt@^2.0.0' }
290 verbose cache add name="time-grunt" spec="^2.0.0" args=["time-grunt","^2.0.0"]
291 verbose parsed url { protocol: null,
291 verbose parsed url   slashes: null,
291 verbose parsed url   auth: null,
291 verbose parsed url   host: null,
291 verbose parsed url   port: null,
291 verbose parsed url   hostname: null,
291 verbose parsed url   hash: null,
291 verbose parsed url   search: null,
291 verbose parsed url   query: null,
291 verbose parsed url   pathname: '^2.0.0',
291 verbose parsed url   path: '^2.0.0',
291 verbose parsed url   href: '^2.0.0' }
292 verbose addNamed [ 'time-grunt', '^2.0.0' ]
293 verbose addNamed [ null, null ]
294 silly lockFile f282ea81-time-grunt-2-0-0 time-grunt@^2.0.0
295 verbose lock time-grunt@^2.0.0 /root/.npm/f282ea81-time-grunt-2-0-0.lock
296 verbose cache add [ 'autoprefixer@^9.7.6', null ]
297 verbose cache add name=undefined spec="autoprefixer@^9.7.6" args=["autoprefixer@^9.7.6",null]
298 verbose parsed url { protocol: null,
298 verbose parsed url   slashes: null,
298 verbose parsed url   auth: null,
298 verbose parsed url   host: null,
298 verbose parsed url   port: null,
298 verbose parsed url   hostname: null,
298 verbose parsed url   hash: null,
298 verbose parsed url   search: null,
298 verbose parsed url   query: null,
298 verbose parsed url   pathname: 'autoprefixer@^9.7.6',
298 verbose parsed url   path: 'autoprefixer@^9.7.6',
298 verbose parsed url   href: 'autoprefixer@^9.7.6' }
299 verbose cache add name="autoprefixer" spec="^9.7.6" args=["autoprefixer","^9.7.6"]
300 verbose parsed url { protocol: null,
300 verbose parsed url   slashes: null,
300 verbose parsed url   auth: null,
300 verbose parsed url   host: null,
300 verbose parsed url   port: null,
300 verbose parsed url   hostname: null,
300 verbose parsed url   hash: null,
300 verbose parsed url   search: null,
300 verbose parsed url   query: null,
300 verbose parsed url   pathname: '^9.7.6',
300 verbose parsed url   path: '^9.7.6',
300 verbose parsed url   href: '^9.7.6' }
301 verbose addNamed [ 'autoprefixer', '^9.7.6' ]
302 verbose addNamed [ null, null ]
303 silly lockFile 9f653f1a-autoprefixer-9-7-6 autoprefixer@^9.7.6
304 verbose lock autoprefixer@^9.7.6 /root/.npm/9f653f1a-autoprefixer-9-7-6.lock
305 verbose cache add [ 'grunt@^1.1.0', null ]
306 verbose cache add name=undefined spec="grunt@^1.1.0" args=["grunt@^1.1.0",null]
307 verbose parsed url { protocol: null,
307 verbose parsed url   slashes: null,
307 verbose parsed url   auth: null,
307 verbose parsed url   host: null,
307 verbose parsed url   port: null,
307 verbose parsed url   hostname: null,
307 verbose parsed url   hash: null,
307 verbose parsed url   search: null,
307 verbose parsed url   query: null,
307 verbose parsed url   pathname: 'grunt@^1.1.0',
307 verbose parsed url   path: 'grunt@^1.1.0',
307 verbose parsed url   href: 'grunt@^1.1.0' }
308 verbose cache add name="grunt" spec="^1.1.0" args=["grunt","^1.1.0"]
309 verbose parsed url { protocol: null,
309 verbose parsed url   slashes: null,
309 verbose parsed url   auth: null,
309 verbose parsed url   host: null,
309 verbose parsed url   port: null,
309 verbose parsed url   hostname: null,
309 verbose parsed url   hash: null,
309 verbose parsed url   search: null,
309 verbose parsed url   query: null,
309 verbose parsed url   pathname: '^1.1.0',
309 verbose parsed url   path: '^1.1.0',
309 verbose parsed url   href: '^1.1.0' }
310 verbose addNamed [ 'grunt', '^1.1.0' ]
311 verbose addNamed [ null, null ]
312 silly lockFile fa032c5b-grunt-1-1-0 grunt@^1.1.0
313 verbose lock grunt@^1.1.0 /root/.npm/fa032c5b-grunt-1-1-0.lock
314 info addNameTag [ 'grunt-contrib-copy', '^1.0.0' ]
315 verbose url raw grunt-contrib-concat
316 verbose url resolving [ 'https://registry.npmjs.org/', './grunt-contrib-concat' ]
317 verbose url resolved https://registry.npmjs.org/grunt-contrib-concat
318 info trying registry request attempt 1 at 11:55:38
319 http GET https://registry.npmjs.org/grunt-contrib-concat
320 info addNameTag [ 'grunt-connect-proxy', '^0.2.0' ]
321 verbose url raw grunt-concurrent
322 verbose url resolving [ 'https://registry.npmjs.org/', './grunt-concurrent' ]
323 verbose url resolved https://registry.npmjs.org/grunt-concurrent
324 info trying registry request attempt 1 at 11:55:38
325 http GET https://registry.npmjs.org/grunt-concurrent
326 verbose url raw grunt-contrib-connect
327 verbose url resolving [ 'https://registry.npmjs.org/', './grunt-contrib-connect' ]
328 verbose url resolved https://registry.npmjs.org/grunt-contrib-connect
329 info trying registry request attempt 1 at 11:55:38
330 http GET https://registry.npmjs.org/grunt-contrib-connect
331 info addNameTag [ 'grunt-contrib-cssmin', '^3.0.0' ]
332 info addNameTag [ 'grunt-contrib-htmlmin', '^3.1.0' ]
333 info addNameTag [ 'grunt-contrib-imagemin', '^4.0.0' ]
334 info addNameTag [ 'grunt-contrib-jshint', '^2.1.0' ]
335 info addNameTag [ 'grunt-contrib-uglify', '^4.0.1' ]
336 info addNameTag [ 'grunt-contrib-watch', '^1.1.0' ]
337 info addNameTag [ 'grunt-filerev', '^2.3.1' ]
338 info addNameTag [ 'grunt-injector', '^1.1.0' ]
339 info addNameTag [ 'grunt-newer', '^1.3.0' ]
340 info addNameTag [ 'grunt-ng-annotate', '^4.0.0' ]
341 info addNameTag [ 'grunt-postcss', '^0.9.0' ]
342 info addNameTag [ 'grunt-svgmin', '^6.0.0' ]
343 info addNameTag [ 'grunt-usemin', '^3.1.1' ]
344 info addNameTag [ 'grunt-wiredep', '^3.0.1' ]
345 info addNameTag [ 'jit-grunt', '^0.10.0' ]
346 info addNameTag [ 'jshint-stylish', '^2.2.1' ]
347 info addNameTag [ 'lodash', '^4.17.15' ]
348 info addNameTag [ 'serve-static', '^1.14.1' ]
349 info addNameTag [ 'time-grunt', '^2.0.0' ]
350 info addNameTag [ 'autoprefixer', '^9.7.6' ]
351 info addNameTag [ 'grunt', '^1.1.0' ]
352 verbose url raw grunt-contrib-copy
353 verbose url resolving [ 'https://registry.npmjs.org/', './grunt-contrib-copy' ]
354 verbose url resolved https://registry.npmjs.org/grunt-contrib-copy
355 info trying registry request attempt 1 at 11:55:38
356 http GET https://registry.npmjs.org/grunt-contrib-copy
357 verbose url raw grunt-connect-proxy
358 verbose url resolving [ 'https://registry.npmjs.org/', './grunt-connect-proxy' ]
359 verbose url resolved https://registry.npmjs.org/grunt-connect-proxy
360 info trying registry request attempt 1 at 11:55:38
361 http GET https://registry.npmjs.org/grunt-connect-proxy
362 verbose url raw grunt-contrib-cssmin
363 verbose url resolving [ 'https://registry.npmjs.org/', './grunt-contrib-cssmin' ]
364 verbose url resolved https://registry.npmjs.org/grunt-contrib-cssmin
365 info trying registry request attempt 1 at 11:55:38
366 http GET https://registry.npmjs.org/grunt-contrib-cssmin
367 verbose url raw grunt-contrib-htmlmin
368 verbose url resolving [ 'https://registry.npmjs.org/', './grunt-contrib-htmlmin' ]
369 verbose url resolved https://registry.npmjs.org/grunt-contrib-htmlmin
370 info trying registry request attempt 1 at 11:55:38
371 http GET https://registry.npmjs.org/grunt-contrib-htmlmin
372 verbose url raw grunt-contrib-imagemin
373 verbose url resolving [ 'https://registry.npmjs.org/', './grunt-contrib-imagemin' ]
374 verbose url resolved https://registry.npmjs.org/grunt-contrib-imagemin
375 info trying registry request attempt 1 at 11:55:38
376 http GET https://registry.npmjs.org/grunt-contrib-imagemin
377 verbose url raw grunt-contrib-jshint
378 verbose url resolving [ 'https://registry.npmjs.org/', './grunt-contrib-jshint' ]
379 verbose url resolved https://registry.npmjs.org/grunt-contrib-jshint
380 info trying registry request attempt 1 at 11:55:38
381 http GET https://registry.npmjs.org/grunt-contrib-jshint
382 verbose url raw grunt-contrib-uglify
383 verbose url resolving [ 'https://registry.npmjs.org/', './grunt-contrib-uglify' ]
384 verbose url resolved https://registry.npmjs.org/grunt-contrib-uglify
385 info trying registry request attempt 1 at 11:55:38
386 http GET https://registry.npmjs.org/grunt-contrib-uglify
387 verbose url raw grunt-contrib-watch
388 verbose url resolving [ 'https://registry.npmjs.org/', './grunt-contrib-watch' ]
389 verbose url resolved https://registry.npmjs.org/grunt-contrib-watch
390 info trying registry request attempt 1 at 11:55:38
391 http GET https://registry.npmjs.org/grunt-contrib-watch
392 verbose url raw grunt-filerev
393 verbose url resolving [ 'https://registry.npmjs.org/', './grunt-filerev' ]
394 verbose url resolved https://registry.npmjs.org/grunt-filerev
395 info trying registry request attempt 1 at 11:55:38
396 http GET https://registry.npmjs.org/grunt-filerev
397 verbose url raw grunt-injector
398 verbose url resolving [ 'https://registry.npmjs.org/', './grunt-injector' ]
399 verbose url resolved https://registry.npmjs.org/grunt-injector
400 info trying registry request attempt 1 at 11:55:38
401 http GET https://registry.npmjs.org/grunt-injector
402 verbose url raw grunt-karma/4.0.0
403 verbose url resolving [ 'https://registry.npmjs.org/', './grunt-karma/4.0.0' ]
404 verbose url resolved https://registry.npmjs.org/grunt-karma/4.0.0
405 info trying registry request attempt 1 at 11:55:38
406 http GET https://registry.npmjs.org/grunt-karma/4.0.0
407 verbose url raw grunt-newer
408 verbose url resolving [ 'https://registry.npmjs.org/', './grunt-newer' ]
409 verbose url resolved https://registry.npmjs.org/grunt-newer
410 info trying registry request attempt 1 at 11:55:38
411 http GET https://registry.npmjs.org/grunt-newer
412 verbose url raw grunt-ng-annotate
413 verbose url resolving [ 'https://registry.npmjs.org/', './grunt-ng-annotate' ]
414 verbose url resolved https://registry.npmjs.org/grunt-ng-annotate
415 info trying registry request attempt 1 at 11:55:38
416 http GET https://registry.npmjs.org/grunt-ng-annotate
417 verbose url raw grunt-npm-bower/0.0.4
418 verbose url resolving [ 'https://registry.npmjs.org/', './grunt-npm-bower/0.0.4' ]
419 verbose url resolved https://registry.npmjs.org/grunt-npm-bower/0.0.4
420 info trying registry request attempt 1 at 11:55:38
421 http GET https://registry.npmjs.org/grunt-npm-bower/0.0.4
422 verbose url raw grunt-postcss
423 verbose url resolving [ 'https://registry.npmjs.org/', './grunt-postcss' ]
424 verbose url resolved https://registry.npmjs.org/grunt-postcss
425 info trying registry request attempt 1 at 11:55:38
426 http GET https://registry.npmjs.org/grunt-postcss
427 verbose url raw grunt-svgmin
428 verbose url resolving [ 'https://registry.npmjs.org/', './grunt-svgmin' ]
429 verbose url resolved https://registry.npmjs.org/grunt-svgmin
430 info trying registry request attempt 1 at 11:55:38
431 http GET https://registry.npmjs.org/grunt-svgmin
432 verbose url raw grunt-usemin
433 verbose url resolving [ 'https://registry.npmjs.org/', './grunt-usemin' ]
434 verbose url resolved https://registry.npmjs.org/grunt-usemin
435 info trying registry request attempt 1 at 11:55:38
436 http GET https://registry.npmjs.org/grunt-usemin
437 verbose url raw grunt-wiredep
438 verbose url resolving [ 'https://registry.npmjs.org/', './grunt-wiredep' ]
439 verbose url resolved https://registry.npmjs.org/grunt-wiredep
440 info trying registry request attempt 1 at 11:55:38
441 http GET https://registry.npmjs.org/grunt-wiredep
442 verbose url raw jit-grunt
443 verbose url resolving [ 'https://registry.npmjs.org/', './jit-grunt' ]
444 verbose url resolved https://registry.npmjs.org/jit-grunt
445 info trying registry request attempt 1 at 11:55:38
446 http GET https://registry.npmjs.org/jit-grunt
447 verbose url raw jshint-stylish
448 verbose url resolving [ 'https://registry.npmjs.org/', './jshint-stylish' ]
449 verbose url resolved https://registry.npmjs.org/jshint-stylish
450 info trying registry request attempt 1 at 11:55:38
451 http GET https://registry.npmjs.org/jshint-stylish
452 verbose url raw karma-jasmine/3.1.1
453 verbose url resolving [ 'https://registry.npmjs.org/', './karma-jasmine/3.1.1' ]
454 verbose url resolved https://registry.npmjs.org/karma-jasmine/3.1.1
455 info trying registry request attempt 1 at 11:55:38
456 http GET https://registry.npmjs.org/karma-jasmine/3.1.1
457 verbose url raw karma-phantomjs-launcher/1.0.4
458 verbose url resolving [ 'https://registry.npmjs.org/',
458 verbose url resolving   './karma-phantomjs-launcher/1.0.4' ]
459 verbose url resolved https://registry.npmjs.org/karma-phantomjs-launcher/1.0.4
460 info trying registry request attempt 1 at 11:55:38
461 http GET https://registry.npmjs.org/karma-phantomjs-launcher/1.0.4
462 verbose url raw lodash
463 verbose url resolving [ 'https://registry.npmjs.org/', './lodash' ]
464 verbose url resolved https://registry.npmjs.org/lodash
465 info trying registry request attempt 1 at 11:55:38
466 http GET https://registry.npmjs.org/lodash
467 verbose url raw serve-static
468 verbose url resolving [ 'https://registry.npmjs.org/', './serve-static' ]
469 verbose url resolved https://registry.npmjs.org/serve-static
470 info trying registry request attempt 1 at 11:55:38
471 http GET https://registry.npmjs.org/serve-static
472 verbose url raw time-grunt
473 verbose url resolving [ 'https://registry.npmjs.org/', './time-grunt' ]
474 verbose url resolved https://registry.npmjs.org/time-grunt
475 info trying registry request attempt 1 at 11:55:38
476 http GET https://registry.npmjs.org/time-grunt
477 verbose url raw autoprefixer
478 verbose url resolving [ 'https://registry.npmjs.org/', './autoprefixer' ]
479 verbose url resolved https://registry.npmjs.org/autoprefixer
480 info trying registry request attempt 1 at 11:55:38
481 http GET https://registry.npmjs.org/autoprefixer
482 verbose url raw grunt
483 verbose url resolving [ 'https://registry.npmjs.org/', './grunt' ]
484 verbose url resolved https://registry.npmjs.org/grunt
485 info trying registry request attempt 1 at 11:55:38
486 http GET https://registry.npmjs.org/grunt
487 info retry will retry, error on last attempt: Error: CERT_UNTRUSTED
488 info retry will retry, error on last attempt: Error: CERT_UNTRUSTED
489 info retry will retry, error on last attempt: Error: CERT_UNTRUSTED
490 info retry will retry, error on last attempt: Error: CERT_UNTRUSTED
491 info retry will retry, error on last attempt: Error: CERT_UNTRUSTED
492 info retry will retry, error on last attempt: Error: CERT_UNTRUSTED
493 info retry will retry, error on last attempt: Error: CERT_UNTRUSTED
494 info retry will retry, error on last attempt: Error: CERT_UNTRUSTED
495 info retry will retry, error on last attempt: Error: CERT_UNTRUSTED
496 info retry will retry, error on last attempt: Error: CERT_UNTRUSTED
497 info retry will retry, error on last attempt: Error: CERT_UNTRUSTED
498 info retry will retry, error on last attempt: Error: CERT_UNTRUSTED
499 info retry will retry, error on last attempt: Error: CERT_UNTRUSTED
500 info retry will retry, error on last attempt: Error: CERT_UNTRUSTED
501 info retry will retry, error on last attempt: Error: CERT_UNTRUSTED
502 info retry will retry, error on last attempt: Error: CERT_UNTRUSTED
503 info retry will retry, error on last attempt: Error: CERT_UNTRUSTED
504 info retry will retry, error on last attempt: Error: CERT_UNTRUSTED
505 info retry will retry, error on last attempt: Error: CERT_UNTRUSTED
506 info retry will retry, error on last attempt: Error: CERT_UNTRUSTED
507 info retry will retry, error on last attempt: Error: CERT_UNTRUSTED
508 info retry will retry, error on last attempt: Error: CERT_UNTRUSTED
509 info retry will retry, error on last attempt: Error: CERT_UNTRUSTED
510 info retry will retry, error on last attempt: Error: CERT_UNTRUSTED
511 info retry will retry, error on last attempt: Error: CERT_UNTRUSTED
512 info retry will retry, error on last attempt: Error: CERT_UNTRUSTED
513 info retry will retry, error on last attempt: Error: CERT_UNTRUSTED
514 info retry will retry, error on last attempt: Error: CERT_UNTRUSTED
515 info retry will retry, error on last attempt: Error: CERT_UNTRUSTED
516 info retry will retry, error on last attempt: Error: CERT_UNTRUSTED
517 info retry will retry, error on last attempt: Error: CERT_UNTRUSTED
518 info retry will retry, error on last attempt: Error: CERT_UNTRUSTED
519 info trying registry request attempt 2 at 11:55:48
520 http GET https://registry.npmjs.org/grunt-contrib-clean
521 info trying registry request attempt 2 at 11:55:48
522 http GET https://registry.npmjs.org/grunt-contrib-connect
523 info trying registry request attempt 2 at 11:55:48
524 http GET https://registry.npmjs.org/grunt-angular-templates
525 info trying registry request attempt 2 at 11:55:48
526 http GET https://registry.npmjs.org/grunt-concurrent
527 info trying registry request attempt 2 at 11:55:48
528 http GET https://registry.npmjs.org/grunt-contrib-concat
529 info trying registry request attempt 2 at 11:55:48
530 http GET https://registry.npmjs.org/grunt-contrib-copy
531 info trying registry request attempt 2 at 11:55:48
532 http GET https://registry.npmjs.org/grunt-contrib-cssmin
533 info trying registry request attempt 2 at 11:55:48
534 http GET https://registry.npmjs.org/grunt-contrib-imagemin
535 info retry will retry, error on last attempt: Error: CERT_UNTRUSTED
536 info retry will retry, error on last attempt: Error: CERT_UNTRUSTED
537 info trying registry request attempt 2 at 11:55:48
538 http GET https://registry.npmjs.org/grunt-connect-proxy
539 info trying registry request attempt 2 at 11:55:48
540 http GET https://registry.npmjs.org/grunt-contrib-htmlmin
541 info retry will retry, error on last attempt: Error: CERT_UNTRUSTED
542 info retry will retry, error on last attempt: Error: CERT_UNTRUSTED
543 info retry will retry, error on last attempt: Error: CERT_UNTRUSTED
544 info trying registry request attempt 2 at 11:55:48
545 http GET https://registry.npmjs.org/grunt-contrib-watch
546 info trying registry request attempt 2 at 11:55:48
547 http GET https://registry.npmjs.org/grunt-contrib-uglify
548 info retry will retry, error on last attempt: Error: CERT_UNTRUSTED
549 info trying registry request attempt 2 at 11:55:48
550 http GET https://registry.npmjs.org/grunt-contrib-jshint
551 info trying registry request attempt 2 at 11:55:48
552 http GET https://registry.npmjs.org/grunt-injector
553 info trying registry request attempt 2 at 11:55:48
554 http GET https://registry.npmjs.org/grunt-filerev
555 info retry will retry, error on last attempt: Error: CERT_UNTRUSTED
556 info retry will retry, error on last attempt: Error: CERT_UNTRUSTED
557 info retry will retry, error on last attempt: Error: CERT_UNTRUSTED
558 info retry will retry, error on last attempt: Error: CERT_UNTRUSTED
559 info trying registry request attempt 2 at 11:55:48
560 http GET https://registry.npmjs.org/grunt-newer
561 info trying registry request attempt 2 at 11:55:48
562 http GET https://registry.npmjs.org/grunt-karma/4.0.0
563 info trying registry request attempt 2 at 11:55:48
564 http GET https://registry.npmjs.org/grunt-ng-annotate
565 info trying registry request attempt 2 at 11:55:48
566 http GET https://registry.npmjs.org/grunt-npm-bower/0.0.4
567 info trying registry request attempt 2 at 11:55:48
568 http GET https://registry.npmjs.org/grunt-postcss
569 info retry will retry, error on last attempt: Error: CERT_UNTRUSTED
570 info retry will retry, error on last attempt: Error: CERT_UNTRUSTED
571 info retry will retry, error on last attempt: Error: CERT_UNTRUSTED
572 info retry will retry, error on last attempt: Error: CERT_UNTRUSTED
573 info retry will retry, error on last attempt: Error: CERT_UNTRUSTED
574 info trying registry request attempt 2 at 11:55:48
575 http GET https://registry.npmjs.org/grunt-svgmin
576 info trying registry request attempt 2 at 11:55:48
577 http GET https://registry.npmjs.org/grunt-wiredep
578 info retry will retry, error on last attempt: Error: CERT_UNTRUSTED
579 info retry will retry, error on last attempt: Error: CERT_UNTRUSTED
580 info retry will retry, error on last attempt: Error: CERT_UNTRUSTED
581 info trying registry request attempt 2 at 11:55:48
582 http GET https://registry.npmjs.org/jshint-stylish
583 info trying registry request attempt 2 at 11:55:48
584 http GET https://registry.npmjs.org/grunt-usemin
585 info retry will retry, error on last attempt: Error: CERT_UNTRUSTED
586 info retry will retry, error on last attempt: Error: CERT_UNTRUSTED
587 info trying registry request attempt 2 at 11:55:48
588 http GET https://registry.npmjs.org/jit-grunt
589 info retry will retry, error on last attempt: Error: CERT_UNTRUSTED
590 info retry will retry, error on last attempt: Error: CERT_UNTRUSTED
591 info retry will retry, error on last attempt: Error: CERT_UNTRUSTED
592 info retry will retry, error on last attempt: Error: CERT_UNTRUSTED
593 info retry will retry, error on last attempt: Error: CERT_UNTRUSTED
594 info trying registry request attempt 2 at 11:55:48
595 http GET https://registry.npmjs.org/karma-phantomjs-launcher/1.0.4
596 info trying registry request attempt 2 at 11:55:48
597 http GET https://registry.npmjs.org/lodash
598 info trying registry request attempt 2 at 11:55:48
599 http GET https://registry.npmjs.org/karma-jasmine/3.1.1
600 info trying registry request attempt 2 at 11:55:48
601 http GET https://registry.npmjs.org/serve-static
602 info trying registry request attempt 2 at 11:55:48
603 http GET https://registry.npmjs.org/time-grunt
604 info retry will retry, error on last attempt: Error: CERT_UNTRUSTED
605 info retry will retry, error on last attempt: Error: CERT_UNTRUSTED
606 info retry will retry, error on last attempt: Error: CERT_UNTRUSTED
607 info trying registry request attempt 2 at 11:55:48
608 http GET https://registry.npmjs.org/grunt
609 info retry will retry, error on last attempt: Error: CERT_UNTRUSTED
610 info retry will retry, error on last attempt: Error: CERT_UNTRUSTED
611 info trying registry request attempt 2 at 11:55:48
612 http GET https://registry.npmjs.org/autoprefixer
613 info retry will retry, error on last attempt: Error: CERT_UNTRUSTED
614 info retry will retry, error on last attempt: Error: CERT_UNTRUSTED
615 info trying registry request attempt 3 at 11:56:48
616 http GET https://registry.npmjs.org/grunt-angular-templates
617 info trying registry request attempt 3 at 11:56:48
618 http GET https://registry.npmjs.org/grunt-contrib-clean
619 info trying registry request attempt 3 at 11:56:48
620 http GET https://registry.npmjs.org/grunt-contrib-concat
621 info trying registry request attempt 3 at 11:56:48
622 http GET https://registry.npmjs.org/grunt-concurrent
623 info trying registry request attempt 3 at 11:56:48
624 http GET https://registry.npmjs.org/grunt-contrib-connect
625 info trying registry request attempt 3 at 11:56:48
626 http GET https://registry.npmjs.org/grunt-contrib-htmlmin
627 info trying registry request attempt 3 at 11:56:48
628 http GET https://registry.npmjs.org/grunt-contrib-copy
629 info trying registry request attempt 3 at 11:56:48
630 http GET https://registry.npmjs.org/grunt-contrib-imagemin
631 info trying registry request attempt 3 at 11:56:48
632 http GET https://registry.npmjs.org/grunt-connect-proxy
633 info trying registry request attempt 3 at 11:56:48
634 http GET https://registry.npmjs.org/grunt-contrib-cssmin
635 info trying registry request attempt 3 at 11:56:48
636 http GET https://registry.npmjs.org/grunt-contrib-watch
637 info trying registry request attempt 3 at 11:56:48
638 http GET https://registry.npmjs.org/grunt-contrib-uglify
639 info trying registry request attempt 3 at 11:56:48
640 http GET https://registry.npmjs.org/grunt-filerev
641 info trying registry request attempt 3 at 11:56:48
642 http GET https://registry.npmjs.org/grunt-injector
643 silly lockFile 5846474e-grunt-contrib-concat-1-0-1 grunt-contrib-concat@^1.0.1
644 silly lockFile 5846474e-grunt-contrib-concat-1-0-1 grunt-contrib-concat@^1.0.1
645 silly lockFile af17753f-grunt-contrib-clean-2-0-0 grunt-contrib-clean@^2.0.0
646 silly lockFile af17753f-grunt-contrib-clean-2-0-0 grunt-contrib-clean@^2.0.0
647 silly lockFile 7ac21bbc-grunt-contrib-connect-2-1-0 grunt-contrib-connect@^2.1.0
648 silly lockFile 7ac21bbc-grunt-contrib-connect-2-1-0 grunt-contrib-connect@^2.1.0
649 silly lockFile 48b14107-grunt-angular-templates-1-2-0 grunt-angular-templates@^1.2.0
650 silly lockFile 48b14107-grunt-angular-templates-1-2-0 grunt-angular-templates@^1.2.0
651 silly lockFile 5ee82f9b-grunt-concurrent-3-0-0 grunt-concurrent@^3.0.0
652 silly lockFile 5ee82f9b-grunt-concurrent-3-0-0 grunt-concurrent@^3.0.0
653 info trying registry request attempt 3 at 11:56:48
654 http GET https://registry.npmjs.org/grunt-contrib-jshint
655 error Error: CERT_UNTRUSTED
655 error     at SecurePair.<anonymous> (tls.js:1271:32)
655 error     at SecurePair.EventEmitter.emit (events.js:92:17)
655 error     at SecurePair.maybeInitFinished (tls.js:883:10)
655 error     at CleartextStream.read [as _read] (tls.js:421:15)
655 error     at CleartextStream.Readable.read (_stream_readable.js:293:10)
655 error     at EncryptedStream.write [as _write] (tls.js:330:25)
655 error     at doWrite (_stream_writable.js:211:10)
655 error     at writeOrBuffer (_stream_writable.js:201:5)
655 error     at EncryptedStream.Writable.write (_stream_writable.js:172:11)
655 error     at write (_stream_readable.js:547:24)
655 error     at flow (_stream_readable.js:556:7)
655 error     at Socket.pipeOnReadable (_stream_readable.js:588:5)
656 error If you need help, you may report this log at:
656 error     <http://github.com/isaacs/npm/issues>
656 error or email it to:
656 error     <npm-@googlegroups.com>
657 error System Linux 6.5.0-1014-aws
658 error command "/root/.nvm/v0.10.0/bin/node" "/root/.nvm/v0.10.0/bin/npm" "install"
659 error cwd /opt/TheHive/frontend
660 error node -v v0.10.0
661 error npm -v 1.2.14
662 verbose exit [ 1, true ]
